<?xml version="1.0" encoding="UTF-8"?>
<!-- Generated by org.testng.reporters.JUnitReportReporter -->
<testsuite name="com.test.automation.uiAutomation.homepage.TC01_VerifyLoginWithInvalidCredentials" tests="1" time="5.711" ignored="0" failures="0" timestamp="06 Mar 2018 17:56:51 GMT" skipped="0" hostname="WINDOWS-MLNK3B1" errors="0">
  <testcase name="VerifyLoginWithInvalidCredentials" time="5.711" classname="com.test.automation.uiAutomation.homepage.TC01_VerifyLoginWithInvalidCredentials"/>
</testsuite> <!-- com.test.automation.uiAutomation.homepage.TC01_VerifyLoginWithInvalidCredentials -->
